2023-11-13 18:55:52,907:WARNING:C:\Users\aspire\anaconda3\lib\site-packages\pycaret\internal\pipeline.py:139: UserWarning: Version mismatch:
current: {'deps_info': {'pip': '22.3.1', 'setuptools': '65.6.3', 'pycaret': '3.1.0', 'IPython': '8.10.0', 'ipywidgets': '7.6.5', 'tqdm': '4.64.1', 'numpy': '1.23.5', 'pandas': '1.5.3', 'jinja2': '3.1.2', 'scipy': '1.10.1', 'joblib': '1.3.2', 'sklearn': '1.2.1', 'pyod': '1.1.1', 'imblearn': '0.10.1', 'category_encoders': '2.6.2', 'lightgbm': '4.1.0', 'numba': '0.56.4', 'requests': '2.28.1', 'matplotlib': '3.7.0', 'scikitplot': '0.3.7', 'yellowbrick': '1.5', 'plotly': '5.9.0', 'plotly-resampler': 'Not installed', 'kaleido': '0.2.1', 'schemdraw': '0.15', 'statsmodels': '0.13.5', 'sktime': '0.21.1', 'tbats': '1.1.3', 'pmdarima': '2.0.4', 'psutil': '5.9.0', 'markupsafe': '2.1.1', 'pickle5': 'Not installed', 'cloudpickle': '2.0.0', 'deprecation': '2.1.0', 'xxhash': '3.4.1', 'wurlitzer': 'Not installed'}, 'python': {'version': '3.10.9', 'machine': 'AMD64'}}
pickle: {'deps_info': {'pip': '22.3.1', 'setuptools': '65.6.3', 'pycaret': '3.1.0', 'IPython': '8.10.0', 'ipywidgets': '7.6.5', 'tqdm': '4.64.1', 'numpy': '1.23.5', 'pandas': '1.5.3', 'jinja2': '3.1.2', 'scipy': '1.10.1', 'joblib': '1.3.2', 'sklearn': '1.2.1', 'pyod': '1.1.1', 'imblearn': '0.10.1', 'category_encoders': '2.6.3', 'lightgbm': '4.1.0', 'numba': '0.56.4', 'requests': '2.28.1', 'matplotlib': '3.7.0', 'scikitplot': '0.3.7', 'yellowbrick': '1.5', 'plotly': '5.9.0', 'plotly-resampler': 'Not installed', 'kaleido': '0.2.1', 'schemdraw': '0.15', 'statsmodels': '0.13.5', 'sktime': '0.21.1', 'tbats': '1.1.3', 'pmdarima': '2.0.4', 'psutil': '5.9.0', 'markupsafe': '2.1.1', 'pickle5': 'Not installed', 'cloudpickle': '2.0.0', 'deprecation': '2.1.0', 'xxhash': '3.4.1', 'wurlitzer': 'Not installed'}, 'python': {'version': '3.10.9', 'machine': 'AMD64'}}
  warnings.warn(

2023-11-13 18:56:01,053:WARNING:C:\Users\aspire\anaconda3\lib\site-packages\pycaret\internal\pipeline.py:139: UserWarning: Version mismatch:
current: {'deps_info': {'pip': '22.3.1', 'setuptools': '65.6.3', 'pycaret': '3.1.0', 'IPython': '8.10.0', 'ipywidgets': '7.6.5', 'tqdm': '4.64.1', 'numpy': '1.23.5', 'pandas': '1.5.3', 'jinja2': '3.1.2', 'scipy': '1.10.1', 'joblib': '1.3.2', 'sklearn': '1.2.1', 'pyod': '1.1.1', 'imblearn': '0.10.1', 'category_encoders': '2.6.2', 'lightgbm': '4.1.0', 'numba': '0.56.4', 'requests': '2.28.1', 'matplotlib': '3.7.0', 'scikitplot': '0.3.7', 'yellowbrick': '1.5', 'plotly': '5.9.0', 'plotly-resampler': 'Not installed', 'kaleido': '0.2.1', 'schemdraw': '0.15', 'statsmodels': '0.13.5', 'sktime': '0.21.1', 'tbats': '1.1.3', 'pmdarima': '2.0.4', 'psutil': '5.9.0', 'markupsafe': '2.1.1', 'pickle5': 'Not installed', 'cloudpickle': '2.0.0', 'deprecation': '2.1.0', 'xxhash': '3.4.1', 'wurlitzer': 'Not installed'}, 'python': {'version': '3.10.9', 'machine': 'AMD64'}}
pickle: {'deps_info': {'pip': '22.3.1', 'setuptools': '65.6.3', 'pycaret': '3.1.0', 'IPython': '8.10.0', 'ipywidgets': '7.6.5', 'tqdm': '4.64.1', 'numpy': '1.23.5', 'pandas': '1.5.3', 'jinja2': '3.1.2', 'scipy': '1.10.1', 'joblib': '1.3.2', 'sklearn': '1.2.1', 'pyod': '1.1.1', 'imblearn': '0.10.1', 'category_encoders': '2.6.3', 'lightgbm': '4.1.0', 'numba': '0.56.4', 'requests': '2.28.1', 'matplotlib': '3.7.0', 'scikitplot': '0.3.7', 'yellowbrick': '1.5', 'plotly': '5.9.0', 'plotly-resampler': 'Not installed', 'kaleido': '0.2.1', 'schemdraw': '0.15', 'statsmodels': '0.13.5', 'sktime': '0.21.1', 'tbats': '1.1.3', 'pmdarima': '2.0.4', 'psutil': '5.9.0', 'markupsafe': '2.1.1', 'pickle5': 'Not installed', 'cloudpickle': '2.0.0', 'deprecation': '2.1.0', 'xxhash': '3.4.1', 'wurlitzer': 'Not installed'}, 'python': {'version': '3.10.9', 'machine': 'AMD64'}}
  warnings.warn(

2023-11-13 20:50:40,839:WARNING:C:\Users\aspire\anaconda3\envs\nom_env\lib\site-packages\sklearn\base.py:318: UserWarning: Trying to unpickle estimator SimpleImputer from version 1.2.1 when using version 1.2.2. This might lead to breaking code or invalid results. Use at your own risk. For more info please refer to:
https://scikit-learn.org/stable/model_persistence.html#security-maintainability-limitations
  warnings.warn(

2023-11-13 20:50:40,840:WARNING:C:\Users\aspire\anaconda3\envs\nom_env\lib\site-packages\sklearn\base.py:318: UserWarning: Trying to unpickle estimator StandardScaler from version 1.2.1 when using version 1.2.2. This might lead to breaking code or invalid results. Use at your own risk. For more info please refer to:
https://scikit-learn.org/stable/model_persistence.html#security-maintainability-limitations
  warnings.warn(

2023-11-13 20:50:40,840:WARNING:C:\Users\aspire\anaconda3\envs\nom_env\lib\site-packages\sklearn\base.py:318: UserWarning: Trying to unpickle estimator DecisionTreeRegressor from version 1.2.1 when using version 1.2.2. This might lead to breaking code or invalid results. Use at your own risk. For more info please refer to:
https://scikit-learn.org/stable/model_persistence.html#security-maintainability-limitations
  warnings.warn(

2023-11-13 20:50:40,928:WARNING:C:\Users\aspire\anaconda3\envs\nom_env\lib\site-packages\sklearn\base.py:318: UserWarning: Trying to unpickle estimator RandomForestRegressor from version 1.2.1 when using version 1.2.2. This might lead to breaking code or invalid results. Use at your own risk. For more info please refer to:
https://scikit-learn.org/stable/model_persistence.html#security-maintainability-limitations
  warnings.warn(

2023-11-13 20:50:41,346:WARNING:C:\Users\aspire\anaconda3\envs\nom_env\lib\site-packages\pycaret\internal\pipeline.py:145: UserWarning: Version mismatch:
current: {'deps_info': {'pip': '23.3', 'setuptools': '68.0.0', 'pycaret': '3.2.0', 'IPython': '8.17.2', 'ipywidgets': '8.1.1', 'tqdm': '4.66.1', 'numpy': '1.25.2', 'pandas': '1.5.3', 'jinja2': '3.1.2', 'scipy': '1.10.1', 'joblib': '1.3.2', 'sklearn': '1.2.2', 'pyod': '1.1.1', 'imblearn': '0.11.0', 'category_encoders': '2.6.3', 'lightgbm': '4.1.0', 'numba': '0.58.1', 'requests': '2.31.0', 'matplotlib': '3.6.0', 'scikitplot': '0.3.7', 'yellowbrick': '1.5', 'plotly': '5.18.0', 'plotly-resampler': 'Not installed', 'kaleido': '0.2.1', 'schemdraw': '0.15', 'statsmodels': '0.14.0', 'sktime': '0.21.1', 'tbats': '1.1.3', 'pmdarima': '2.0.4', 'psutil': '5.9.6', 'markupsafe': '2.1.3', 'pickle5': 'Not installed', 'cloudpickle': '3.0.0', 'deprecation': '2.1.0', 'xxhash': '3.4.1', 'wurlitzer': 'Not installed'}, 'python': {'version': '3.10.9', 'machine': 'AMD64'}}
pickle: {'deps_info': {'pip': '22.3.1', 'setuptools': '65.6.3', 'pycaret': '3.1.0', 'IPython': '8.10.0', 'ipywidgets': '7.6.5', 'tqdm': '4.64.1', 'numpy': '1.23.5', 'pandas': '1.5.3', 'jinja2': '3.1.2', 'scipy': '1.10.1', 'joblib': '1.3.2', 'sklearn': '1.2.1', 'pyod': '1.1.1', 'imblearn': '0.10.1', 'category_encoders': '2.6.3', 'lightgbm': '4.1.0', 'numba': '0.56.4', 'requests': '2.28.1', 'matplotlib': '3.7.0', 'scikitplot': '0.3.7', 'yellowbrick': '1.5', 'plotly': '5.9.0', 'plotly-resampler': 'Not installed', 'kaleido': '0.2.1', 'schemdraw': '0.15', 'statsmodels': '0.13.5', 'sktime': '0.21.1', 'tbats': '1.1.3', 'pmdarima': '2.0.4', 'psutil': '5.9.0', 'markupsafe': '2.1.1', 'pickle5': 'Not installed', 'cloudpickle': '2.0.0', 'deprecation': '2.1.0', 'xxhash': '3.4.1', 'wurlitzer': 'Not installed'}, 'python': {'version': '3.10.9', 'machine': 'AMD64'}}
  warnings.warn(

2023-11-13 20:50:44,731:WARNING:C:\Users\aspire\anaconda3\envs\nom_env\lib\site-packages\sklearn\base.py:318: UserWarning: Trying to unpickle estimator SimpleImputer from version 1.2.1 when using version 1.2.2. This might lead to breaking code or invalid results. Use at your own risk. For more info please refer to:
https://scikit-learn.org/stable/model_persistence.html#security-maintainability-limitations
  warnings.warn(

2023-11-13 20:50:44,732:WARNING:C:\Users\aspire\anaconda3\envs\nom_env\lib\site-packages\sklearn\base.py:318: UserWarning: Trying to unpickle estimator StandardScaler from version 1.2.1 when using version 1.2.2. This might lead to breaking code or invalid results. Use at your own risk. For more info please refer to:
https://scikit-learn.org/stable/model_persistence.html#security-maintainability-limitations
  warnings.warn(

2023-11-13 20:50:44,733:WARNING:C:\Users\aspire\anaconda3\envs\nom_env\lib\site-packages\sklearn\base.py:318: UserWarning: Trying to unpickle estimator DecisionTreeRegressor from version 1.2.1 when using version 1.2.2. This might lead to breaking code or invalid results. Use at your own risk. For more info please refer to:
https://scikit-learn.org/stable/model_persistence.html#security-maintainability-limitations
  warnings.warn(

2023-11-13 20:50:44,800:WARNING:C:\Users\aspire\anaconda3\envs\nom_env\lib\site-packages\sklearn\base.py:318: UserWarning: Trying to unpickle estimator RandomForestRegressor from version 1.2.1 when using version 1.2.2. This might lead to breaking code or invalid results. Use at your own risk. For more info please refer to:
https://scikit-learn.org/stable/model_persistence.html#security-maintainability-limitations
  warnings.warn(

2023-11-13 20:50:45,103:WARNING:C:\Users\aspire\anaconda3\envs\nom_env\lib\site-packages\pycaret\internal\pipeline.py:145: UserWarning: Version mismatch:
current: {'deps_info': {'pip': '23.3', 'setuptools': '68.0.0', 'pycaret': '3.2.0', 'IPython': '8.17.2', 'ipywidgets': '8.1.1', 'tqdm': '4.66.1', 'numpy': '1.25.2', 'pandas': '1.5.3', 'jinja2': '3.1.2', 'scipy': '1.10.1', 'joblib': '1.3.2', 'sklearn': '1.2.2', 'pyod': '1.1.1', 'imblearn': '0.11.0', 'category_encoders': '2.6.3', 'lightgbm': '4.1.0', 'numba': '0.58.1', 'requests': '2.31.0', 'matplotlib': '3.6.0', 'scikitplot': '0.3.7', 'yellowbrick': '1.5', 'plotly': '5.18.0', 'plotly-resampler': 'Not installed', 'kaleido': '0.2.1', 'schemdraw': '0.15', 'statsmodels': '0.14.0', 'sktime': '0.21.1', 'tbats': '1.1.3', 'pmdarima': '2.0.4', 'psutil': '5.9.6', 'markupsafe': '2.1.3', 'pickle5': 'Not installed', 'cloudpickle': '3.0.0', 'deprecation': '2.1.0', 'xxhash': '3.4.1', 'wurlitzer': 'Not installed'}, 'python': {'version': '3.10.9', 'machine': 'AMD64'}}
pickle: {'deps_info': {'pip': '22.3.1', 'setuptools': '65.6.3', 'pycaret': '3.1.0', 'IPython': '8.10.0', 'ipywidgets': '7.6.5', 'tqdm': '4.64.1', 'numpy': '1.23.5', 'pandas': '1.5.3', 'jinja2': '3.1.2', 'scipy': '1.10.1', 'joblib': '1.3.2', 'sklearn': '1.2.1', 'pyod': '1.1.1', 'imblearn': '0.10.1', 'category_encoders': '2.6.3', 'lightgbm': '4.1.0', 'numba': '0.56.4', 'requests': '2.28.1', 'matplotlib': '3.7.0', 'scikitplot': '0.3.7', 'yellowbrick': '1.5', 'plotly': '5.9.0', 'plotly-resampler': 'Not installed', 'kaleido': '0.2.1', 'schemdraw': '0.15', 'statsmodels': '0.13.5', 'sktime': '0.21.1', 'tbats': '1.1.3', 'pmdarima': '2.0.4', 'psutil': '5.9.0', 'markupsafe': '2.1.1', 'pickle5': 'Not installed', 'cloudpickle': '2.0.0', 'deprecation': '2.1.0', 'xxhash': '3.4.1', 'wurlitzer': 'Not installed'}, 'python': {'version': '3.10.9', 'machine': 'AMD64'}}
  warnings.warn(

2023-11-13 21:15:56,547:WARNING:C:\Users\aspire\anaconda3\envs\nom_env\lib\site-packages\sklearn\base.py:318: UserWarning: Trying to unpickle estimator SimpleImputer from version 1.2.1 when using version 1.2.2. This might lead to breaking code or invalid results. Use at your own risk. For more info please refer to:
https://scikit-learn.org/stable/model_persistence.html#security-maintainability-limitations
  warnings.warn(

2023-11-13 21:15:56,549:WARNING:C:\Users\aspire\anaconda3\envs\nom_env\lib\site-packages\sklearn\base.py:318: UserWarning: Trying to unpickle estimator StandardScaler from version 1.2.1 when using version 1.2.2. This might lead to breaking code or invalid results. Use at your own risk. For more info please refer to:
https://scikit-learn.org/stable/model_persistence.html#security-maintainability-limitations
  warnings.warn(

2023-11-13 21:15:56,549:WARNING:C:\Users\aspire\anaconda3\envs\nom_env\lib\site-packages\sklearn\base.py:318: UserWarning: Trying to unpickle estimator DecisionTreeRegressor from version 1.2.1 when using version 1.2.2. This might lead to breaking code or invalid results. Use at your own risk. For more info please refer to:
https://scikit-learn.org/stable/model_persistence.html#security-maintainability-limitations
  warnings.warn(

2023-11-13 21:15:56,627:WARNING:C:\Users\aspire\anaconda3\envs\nom_env\lib\site-packages\sklearn\base.py:318: UserWarning: Trying to unpickle estimator RandomForestRegressor from version 1.2.1 when using version 1.2.2. This might lead to breaking code or invalid results. Use at your own risk. For more info please refer to:
https://scikit-learn.org/stable/model_persistence.html#security-maintainability-limitations
  warnings.warn(

2023-11-13 21:15:56,911:WARNING:C:\Users\aspire\anaconda3\envs\nom_env\lib\site-packages\pycaret\internal\pipeline.py:145: UserWarning: Version mismatch:
current: {'deps_info': {'pip': '23.3', 'setuptools': '68.0.0', 'pycaret': '3.2.0', 'IPython': '8.17.2', 'ipywidgets': '8.1.1', 'tqdm': '4.66.1', 'numpy': '1.25.2', 'pandas': '1.5.3', 'jinja2': '3.1.2', 'scipy': '1.10.1', 'joblib': '1.3.2', 'sklearn': '1.2.2', 'pyod': '1.1.1', 'imblearn': '0.11.0', 'category_encoders': '2.6.3', 'lightgbm': '4.1.0', 'numba': '0.58.1', 'requests': '2.31.0', 'matplotlib': '3.6.0', 'scikitplot': '0.3.7', 'yellowbrick': '1.5', 'plotly': '5.18.0', 'plotly-resampler': 'Not installed', 'kaleido': '0.2.1', 'schemdraw': '0.15', 'statsmodels': '0.14.0', 'sktime': '0.21.1', 'tbats': '1.1.3', 'pmdarima': '2.0.4', 'psutil': '5.9.6', 'markupsafe': '2.1.3', 'pickle5': 'Not installed', 'cloudpickle': '3.0.0', 'deprecation': '2.1.0', 'xxhash': '3.4.1', 'wurlitzer': 'Not installed'}, 'python': {'version': '3.10.9', 'machine': 'AMD64'}}
pickle: {'deps_info': {'pip': '22.3.1', 'setuptools': '65.6.3', 'pycaret': '3.1.0', 'IPython': '8.10.0', 'ipywidgets': '7.6.5', 'tqdm': '4.64.1', 'numpy': '1.23.5', 'pandas': '1.5.3', 'jinja2': '3.1.2', 'scipy': '1.10.1', 'joblib': '1.3.2', 'sklearn': '1.2.1', 'pyod': '1.1.1', 'imblearn': '0.10.1', 'category_encoders': '2.6.3', 'lightgbm': '4.1.0', 'numba': '0.56.4', 'requests': '2.28.1', 'matplotlib': '3.7.0', 'scikitplot': '0.3.7', 'yellowbrick': '1.5', 'plotly': '5.9.0', 'plotly-resampler': 'Not installed', 'kaleido': '0.2.1', 'schemdraw': '0.15', 'statsmodels': '0.13.5', 'sktime': '0.21.1', 'tbats': '1.1.3', 'pmdarima': '2.0.4', 'psutil': '5.9.0', 'markupsafe': '2.1.1', 'pickle5': 'Not installed', 'cloudpickle': '2.0.0', 'deprecation': '2.1.0', 'xxhash': '3.4.1', 'wurlitzer': 'Not installed'}, 'python': {'version': '3.10.9', 'machine': 'AMD64'}}
  warnings.warn(

2023-11-13 21:16:00,506:WARNING:C:\Users\aspire\anaconda3\envs\nom_env\lib\site-packages\sklearn\base.py:318: UserWarning: Trying to unpickle estimator SimpleImputer from version 1.2.1 when using version 1.2.2. This might lead to breaking code or invalid results. Use at your own risk. For more info please refer to:
https://scikit-learn.org/stable/model_persistence.html#security-maintainability-limitations
  warnings.warn(

2023-11-13 21:16:00,507:WARNING:C:\Users\aspire\anaconda3\envs\nom_env\lib\site-packages\sklearn\base.py:318: UserWarning: Trying to unpickle estimator StandardScaler from version 1.2.1 when using version 1.2.2. This might lead to breaking code or invalid results. Use at your own risk. For more info please refer to:
https://scikit-learn.org/stable/model_persistence.html#security-maintainability-limitations
  warnings.warn(

2023-11-13 21:16:00,507:WARNING:C:\Users\aspire\anaconda3\envs\nom_env\lib\site-packages\sklearn\base.py:318: UserWarning: Trying to unpickle estimator DecisionTreeRegressor from version 1.2.1 when using version 1.2.2. This might lead to breaking code or invalid results. Use at your own risk. For more info please refer to:
https://scikit-learn.org/stable/model_persistence.html#security-maintainability-limitations
  warnings.warn(

2023-11-13 21:16:00,599:WARNING:C:\Users\aspire\anaconda3\envs\nom_env\lib\site-packages\sklearn\base.py:318: UserWarning: Trying to unpickle estimator RandomForestRegressor from version 1.2.1 when using version 1.2.2. This might lead to breaking code or invalid results. Use at your own risk. For more info please refer to:
https://scikit-learn.org/stable/model_persistence.html#security-maintainability-limitations
  warnings.warn(

2023-11-13 21:16:00,933:WARNING:C:\Users\aspire\anaconda3\envs\nom_env\lib\site-packages\pycaret\internal\pipeline.py:145: UserWarning: Version mismatch:
current: {'deps_info': {'pip': '23.3', 'setuptools': '68.0.0', 'pycaret': '3.2.0', 'IPython': '8.17.2', 'ipywidgets': '8.1.1', 'tqdm': '4.66.1', 'numpy': '1.25.2', 'pandas': '1.5.3', 'jinja2': '3.1.2', 'scipy': '1.10.1', 'joblib': '1.3.2', 'sklearn': '1.2.2', 'pyod': '1.1.1', 'imblearn': '0.11.0', 'category_encoders': '2.6.3', 'lightgbm': '4.1.0', 'numba': '0.58.1', 'requests': '2.31.0', 'matplotlib': '3.6.0', 'scikitplot': '0.3.7', 'yellowbrick': '1.5', 'plotly': '5.18.0', 'plotly-resampler': 'Not installed', 'kaleido': '0.2.1', 'schemdraw': '0.15', 'statsmodels': '0.14.0', 'sktime': '0.21.1', 'tbats': '1.1.3', 'pmdarima': '2.0.4', 'psutil': '5.9.6', 'markupsafe': '2.1.3', 'pickle5': 'Not installed', 'cloudpickle': '3.0.0', 'deprecation': '2.1.0', 'xxhash': '3.4.1', 'wurlitzer': 'Not installed'}, 'python': {'version': '3.10.9', 'machine': 'AMD64'}}
pickle: {'deps_info': {'pip': '22.3.1', 'setuptools': '65.6.3', 'pycaret': '3.1.0', 'IPython': '8.10.0', 'ipywidgets': '7.6.5', 'tqdm': '4.64.1', 'numpy': '1.23.5', 'pandas': '1.5.3', 'jinja2': '3.1.2', 'scipy': '1.10.1', 'joblib': '1.3.2', 'sklearn': '1.2.1', 'pyod': '1.1.1', 'imblearn': '0.10.1', 'category_encoders': '2.6.3', 'lightgbm': '4.1.0', 'numba': '0.56.4', 'requests': '2.28.1', 'matplotlib': '3.7.0', 'scikitplot': '0.3.7', 'yellowbrick': '1.5', 'plotly': '5.9.0', 'plotly-resampler': 'Not installed', 'kaleido': '0.2.1', 'schemdraw': '0.15', 'statsmodels': '0.13.5', 'sktime': '0.21.1', 'tbats': '1.1.3', 'pmdarima': '2.0.4', 'psutil': '5.9.0', 'markupsafe': '2.1.1', 'pickle5': 'Not installed', 'cloudpickle': '2.0.0', 'deprecation': '2.1.0', 'xxhash': '3.4.1', 'wurlitzer': 'Not installed'}, 'python': {'version': '3.10.9', 'machine': 'AMD64'}}
  warnings.warn(

